Working on dates 2016-01-01 00 -- 2016-01-31 23
/uufs/chpc.utah.edu/common/home/varble-group1/ERA5/ERA5.VWND.2016010100_2016010123.nc
First file only
/uufs/chpc.utah.edu/common/home/varble-group1/ERA5/ERA5.VWND.2016010200_2016010223.nc
Middle file
/uufs/chpc.utah.edu/common/home/varble-group1/ERA5/ERA5.VWND.2016010300_2016010323.nc
Middle file
/uufs/chpc.utah.edu/common/home/varble-group1/ERA5/ERA5.VWND.2016010400_2016010423.nc
Middle file
/uufs/chpc.utah.edu/common/home/varble-group1/ERA5/ERA5.VWND.2016010500_2016010523.nc
Middle file
/uufs/chpc.utah.edu/common/home/varble-group1/ERA5/ERA5.VWND.2016010600_2016010623.nc
Middle file
/uufs/chpc.utah.edu/common/home/varble-group1/ERA5/ERA5.VWND.2016010700_2016010723.nc
Middle file
/uufs/chpc.utah.edu/common/home/varble-group1/ERA5/ERA5.VWND.2016010800_2016010823.nc
Middle file
/uufs/chpc.utah.edu/common/home/varble-group1/ERA5/ERA5.VWND.2016010900_2016010923.nc
Middle file
/uufs/chpc.utah.edu/common/home/varble-group1/ERA5/ERA5.VWND.2016011000_2016011023.nc
Middle file
/uufs/chpc.utah.edu/common/home/varble-group1/ERA5/ERA5.VWND.2016011100_2016011123.nc
Middle file
/uufs/chpc.utah.edu/common/home/varble-group1/ERA5/ERA5.VWND.2016011200_2016011223.nc
Middle file
/uufs/chpc.utah.edu/common/home/varble-group1/ERA5/ERA5.VWND.2016011300_2016011323.nc
Middle file
/uufs/chpc.utah.edu/common/home/varble-group1/ERA5/ERA5.VWND.2016011400_2016011423.nc
Middle file
/uufs/chpc.utah.edu/common/home/varble-group1/ERA5/ERA5.VWND.2016011500_2016011523.nc
Middle file
/uufs/chpc.utah.edu/common/home/varble-group1/ERA5/ERA5.VWND.2016011600_2016011623.nc
Middle file
/uufs/chpc.utah.edu/common/home/varble-group1/ERA5/ERA5.VWND.2016011700_2016011723.nc
Middle file
/uufs/chpc.utah.edu/common/home/varble-group1/ERA5/ERA5.VWND.2016011800_2016011823.nc
Middle file
/uufs/chpc.utah.edu/common/home/varble-group1/ERA5/ERA5.VWND.2016011900_2016011923.nc
Middle file
/uufs/chpc.utah.edu/common/home/varble-group1/ERA5/ERA5.VWND.2016012000_2016012023.nc
Middle file
/uufs/chpc.utah.edu/common/home/varble-group1/ERA5/ERA5.VWND.2016012100_2016012123.nc
Middle file
/uufs/chpc.utah.edu/common/home/varble-group1/ERA5/ERA5.VWND.2016012200_2016012223.nc
Middle file
/uufs/chpc.utah.edu/common/home/varble-group1/ERA5/ERA5.VWND.2016012300_2016012323.nc
Middle file
/uufs/chpc.utah.edu/common/home/varble-group1/ERA5/ERA5.VWND.2016012400_2016012423.nc
Middle file
/uufs/chpc.utah.edu/common/home/varble-group1/ERA5/ERA5.VWND.2016012500_2016012523.nc
Middle file
/uufs/chpc.utah.edu/common/home/varble-group1/ERA5/ERA5.VWND.2016012600_2016012623.nc
Middle file
/uufs/chpc.utah.edu/common/home/varble-group1/ERA5/ERA5.VWND.2016012700_2016012723.nc
Middle file
/uufs/chpc.utah.edu/common/home/varble-group1/ERA5/ERA5.VWND.2016012800_2016012823.nc
Middle file
/uufs/chpc.utah.edu/common/home/varble-group1/ERA5/ERA5.VWND.2016012900_2016012923.nc
Middle file
/uufs/chpc.utah.edu/common/home/varble-group1/ERA5/ERA5.VWND.2016013000_2016013023.nc
Middle file
/uufs/chpc.utah.edu/common/home/varble-group1/ERA5/ERA5.VWND.2016013100_2016013123.nc
Last file
Working on file: /uufs/chpc.utah.edu/common/home/varble-group1/ERA5/ERA5.VWND.2016010100_2016010123.nc
Working on file: /uufs/chpc.utah.edu/common/home/varble-group1/ERA5/ERA5.VWND.2016010200_2016010223.nc
Working on file: /uufs/chpc.utah.edu/common/home/varble-group1/ERA5/ERA5.VWND.2016010300_2016010323.nc
Working on file: /uufs/chpc.utah.edu/common/home/varble-group1/ERA5/ERA5.VWND.2016010400_2016010423.nc
Working on file: /uufs/chpc.utah.edu/common/home/varble-group1/ERA5/ERA5.VWND.2016010500_2016010523.nc
Working on file: /uufs/chpc.utah.edu/common/home/varble-group1/ERA5/ERA5.VWND.2016010600_2016010623.nc
Working on file: /uufs/chpc.utah.edu/common/home/varble-group1/ERA5/ERA5.VWND.2016010700_2016010723.nc
Working on file: /uufs/chpc.utah.edu/common/home/varble-group1/ERA5/ERA5.VWND.2016010800_2016010823.nc
Working on file: /uufs/chpc.utah.edu/common/home/varble-group1/ERA5/ERA5.VWND.2016010900_2016010923.nc
Working on file: /uufs/chpc.utah.edu/common/home/varble-group1/ERA5/ERA5.VWND.2016011000_2016011023.nc
Working on file: /uufs/chpc.utah.edu/common/home/varble-group1/ERA5/ERA5.VWND.2016011100_2016011123.nc
Working on file: /uufs/chpc.utah.edu/common/home/varble-group1/ERA5/ERA5.VWND.2016011200_2016011223.nc
Working on file: /uufs/chpc.utah.edu/common/home/varble-group1/ERA5/ERA5.VWND.2016011300_2016011323.nc
Working on file: /uufs/chpc.utah.edu/common/home/varble-group1/ERA5/ERA5.VWND.2016011400_2016011423.nc
Working on file: /uufs/chpc.utah.edu/common/home/varble-group1/ERA5/ERA5.VWND.2016011500_2016011523.nc
Working on file: /uufs/chpc.utah.edu/common/home/varble-group1/ERA5/ERA5.VWND.2016011600_2016011623.nc
Working on file: /uufs/chpc.utah.edu/common/home/varble-group1/ERA5/ERA5.VWND.2016011700_2016011723.nc
Working on file: /uufs/chpc.utah.edu/common/home/varble-group1/ERA5/ERA5.VWND.2016011800_2016011823.nc
Working on file: /uufs/chpc.utah.edu/common/home/varble-group1/ERA5/ERA5.VWND.2016011900_2016011923.nc
Working on file: /uufs/chpc.utah.edu/common/home/varble-group1/ERA5/ERA5.VWND.2016012000_2016012023.nc
Working on file: /uufs/chpc.utah.edu/common/home/varble-group1/ERA5/ERA5.VWND.2016012100_2016012123.nc
Working on file: /uufs/chpc.utah.edu/common/home/varble-group1/ERA5/ERA5.VWND.2016012200_2016012223.nc
Working on file: /uufs/chpc.utah.edu/common/home/varble-group1/ERA5/ERA5.VWND.2016012300_2016012323.nc
Working on file: /uufs/chpc.utah.edu/common/home/varble-group1/ERA5/ERA5.VWND.2016012400_2016012423.nc
Working on file: /uufs/chpc.utah.edu/common/home/varble-group1/ERA5/ERA5.VWND.2016012500_2016012523.nc
Working on file: /uufs/chpc.utah.edu/common/home/varble-group1/ERA5/ERA5.VWND.2016012600_2016012623.nc
Working on file: /uufs/chpc.utah.edu/common/home/varble-group1/ERA5/ERA5.VWND.2016012700_2016012723.nc
Working on file: /uufs/chpc.utah.edu/common/home/varble-group1/ERA5/ERA5.VWND.2016012800_2016012823.nc
Working on file: /uufs/chpc.utah.edu/common/home/varble-group1/ERA5/ERA5.VWND.2016012900_2016012923.nc
Working on file: /uufs/chpc.utah.edu/common/home/varble-group1/ERA5/ERA5.VWND.2016013000_2016013023.nc
Working on file: /uufs/chpc.utah.edu/common/home/varble-group1/ERA5/ERA5.VWND.2016013100_2016013123.nc
Creating file: /uufs/chpc.utah.edu/common/home/varble-group1/ERA5/ERA5.VSHR_850-200hPamean.2016010100_2016013123.nc
Working on dates 2016-02-01 00 -- 2016-02-29 23
/uufs/chpc.utah.edu/common/home/varble-group1/ERA5/ERA5.VWND.2016010100_2016010123.nc
/uufs/chpc.utah.edu/common/home/varble-group1/ERA5/ERA5.VWND.2016010200_2016010223.nc
/uufs/chpc.utah.edu/common/home/varble-group1/ERA5/ERA5.VWND.2016010300_2016010323.nc
/uufs/chpc.utah.edu/common/home/varble-group1/ERA5/ERA5.VWND.2016010400_2016010423.nc
/uufs/chpc.utah.edu/common/home/varble-group1/ERA5/ERA5.VWND.2016010500_2016010523.nc
/uufs/chpc.utah.edu/common/home/varble-group1/ERA5/ERA5.VWND.2016010600_2016010623.nc
/uufs/chpc.utah.edu/common/home/varble-group1/ERA5/ERA5.VWND.2016010700_2016010723.nc
/uufs/chpc.utah.edu/common/home/varble-group1/ERA5/ERA5.VWND.2016010800_2016010823.nc
/uufs/chpc.utah.edu/common/home/varble-group1/ERA5/ERA5.VWND.2016010900_2016010923.nc
/uufs/chpc.utah.edu/common/home/varble-group1/ERA5/ERA5.VWND.2016011000_2016011023.nc
/uufs/chpc.utah.edu/common/home/varble-group1/ERA5/ERA5.VWND.2016011100_2016011123.nc
/uufs/chpc.utah.edu/common/home/varble-group1/ERA5/ERA5.VWND.2016011200_2016011223.nc
/uufs/chpc.utah.edu/common/home/varble-group1/ERA5/ERA5.VWND.2016011300_2016011323.nc
/uufs/chpc.utah.edu/common/home/varble-group1/ERA5/ERA5.VWND.2016011400_2016011423.nc
/uufs/chpc.utah.edu/common/home/varble-group1/ERA5/ERA5.VWND.2016011500_2016011523.nc
/uufs/chpc.utah.edu/common/home/varble-group1/ERA5/ERA5.VWND.2016011600_2016011623.nc
/uufs/chpc.utah.edu/common/home/varble-group1/ERA5/ERA5.VWND.2016011700_2016011723.nc
/uufs/chpc.utah.edu/common/home/varble-group1/ERA5/ERA5.VWND.2016011800_2016011823.nc
/uufs/chpc.utah.edu/common/home/varble-group1/ERA5/ERA5.VWND.2016011900_2016011923.nc
/uufs/chpc.utah.edu/common/home/varble-group1/ERA5/ERA5.VWND.2016012000_2016012023.nc
/uufs/chpc.utah.edu/common/home/varble-group1/ERA5/ERA5.VWND.2016012100_2016012123.nc
/uufs/chpc.utah.edu/common/home/varble-group1/ERA5/ERA5.VWND.2016012200_2016012223.nc
/uufs/chpc.utah.edu/common/home/varble-group1/ERA5/ERA5.VWND.2016012300_2016012323.nc
/uufs/chpc.utah.edu/common/home/varble-group1/ERA5/ERA5.VWND.2016012400_2016012423.nc
/uufs/chpc.utah.edu/common/home/varble-group1/ERA5/ERA5.VWND.2016012500_2016012523.nc
/uufs/chpc.utah.edu/common/home/varble-group1/ERA5/ERA5.VWND.2016012600_2016012623.nc
/uufs/chpc.utah.edu/common/home/varble-group1/ERA5/ERA5.VWND.2016012700_2016012723.nc
/uufs/chpc.utah.edu/common/home/varble-group1/ERA5/ERA5.VWND.2016012800_2016012823.nc
/uufs/chpc.utah.edu/common/home/varble-group1/ERA5/ERA5.VWND.2016012900_2016012923.nc
/uufs/chpc.utah.edu/common/home/varble-group1/ERA5/ERA5.VWND.2016013000_2016013023.nc
/uufs/chpc.utah.edu/common/home/varble-group1/ERA5/ERA5.VWND.2016013100_2016013123.nc
/uufs/chpc.utah.edu/common/home/varble-group1/ERA5/ERA5.VWND.2016020100_2016020123.nc
First file only
/uufs/chpc.utah.edu/common/home/varble-group1/ERA5/ERA5.VWND.2016020200_2016020223.nc
Middle file
/uufs/chpc.utah.edu/common/home/varble-group1/ERA5/ERA5.VWND.2016020300_2016020323.nc
Middle file
/uufs/chpc.utah.edu/common/home/varble-group1/ERA5/ERA5.VWND.2016020400_2016020423.nc
Middle file
/uufs/chpc.utah.edu/common/home/varble-group1/ERA5/ERA5.VWND.2016020500_2016020523.nc
Middle file
/uufs/chpc.utah.edu/common/home/varble-group1/ERA5/ERA5.VWND.2016020600_2016020623.nc
Middle file
/uufs/chpc.utah.edu/common/home/varble-group1/ERA5/ERA5.VWND.2016020700_2016020723.nc
Middle file
/uufs/chpc.utah.edu/common/home/varble-group1/ERA5/ERA5.VWND.2016020800_2016020823.nc
Middle file
/uufs/chpc.utah.edu/common/home/varble-group1/ERA5/ERA5.VWND.2016020900_2016020923.nc
Middle file
/uufs/chpc.utah.edu/common/home/varble-group1/ERA5/ERA5.VWND.2016021000_2016021023.nc
Middle file
/uufs/chpc.utah.edu/common/home/varble-group1/ERA5/ERA5.VWND.2016021100_2016021123.nc
Middle file
/uufs/chpc.utah.edu/common/home/varble-group1/ERA5/ERA5.VWND.2016021200_2016021223.nc
Middle file
/uufs/chpc.utah.edu/common/home/varble-group1/ERA5/ERA5.VWND.2016021300_2016021323.nc
Middle file
/uufs/chpc.utah.edu/common/home/varble-group1/ERA5/ERA5.VWND.2016021400_2016021423.nc
Middle file
/uufs/chpc.utah.edu/common/home/varble-group1/ERA5/ERA5.VWND.2016021500_2016021523.nc
Middle file
/uufs/chpc.utah.edu/common/home/varble-group1/ERA5/ERA5.VWND.2016021600_2016021623.nc
Middle file
/uufs/chpc.utah.edu/common/home/varble-group1/ERA5/ERA5.VWND.2016021700_2016021723.nc
Middle file
/uufs/chpc.utah.edu/common/home/varble-group1/ERA5/ERA5.VWND.2016021800_2016021823.nc
Middle file
/uufs/chpc.utah.edu/common/home/varble-group1/ERA5/ERA5.VWND.2016021900_2016021923.nc
Middle file
/uufs/chpc.utah.edu/common/home/varble-group1/ERA5/ERA5.VWND.2016022000_2016022023.nc
Middle file
/uufs/chpc.utah.edu/common/home/varble-group1/ERA5/ERA5.VWND.2016022100_2016022123.nc
Middle file
/uufs/chpc.utah.edu/common/home/varble-group1/ERA5/ERA5.VWND.2016022200_2016022223.nc
Middle file
/uufs/chpc.utah.edu/common/home/varble-group1/ERA5/ERA5.VWND.2016022300_2016022323.nc
Middle file
/uufs/chpc.utah.edu/common/home/varble-group1/ERA5/ERA5.VWND.2016022400_2016022423.nc
Middle file
/uufs/chpc.utah.edu/common/home/varble-group1/ERA5/ERA5.VWND.2016022500_2016022523.nc
Middle file
/uufs/chpc.utah.edu/common/home/varble-group1/ERA5/ERA5.VWND.2016022600_2016022623.nc
Middle file
/uufs/chpc.utah.edu/common/home/varble-group1/ERA5/ERA5.VWND.2016022700_2016022723.nc
Middle file
/uufs/chpc.utah.edu/common/home/varble-group1/ERA5/ERA5.VWND.2016022800_2016022823.nc
Middle file
/uufs/chpc.utah.edu/common/home/varble-group1/ERA5/ERA5.VWND.2016022900_2016022923.nc
Last file
Working on file: /uufs/chpc.utah.edu/common/home/varble-group1/ERA5/ERA5.VWND.2016020100_2016020123.nc
Working on file: /uufs/chpc.utah.edu/common/home/varble-group1/ERA5/ERA5.VWND.2016020200_2016020223.nc
Working on file: /uufs/chpc.utah.edu/common/home/varble-group1/ERA5/ERA5.VWND.2016020300_2016020323.nc
